0 info it worked if it ends with ok
1 verbose cli [ 'node',
1 verbose cli   '/Users/ahmeds6/local/node/bin/npm',
1 verbose cli   'install',
1 verbose cli   '-g',
1 verbose cli   'kayhadrin/protractor@0fd6532' ]
2 info using npm@3.5.2
3 info using node@v0.12.7
4 silly loadCurrentTree Starting
5 silly install loadCurrentTree
6 silly install readGlobalPackageData
7 silly fetchPackageMetaData kayhadrin/protractor@0fd6532
8 silly fetchOtherPackageData kayhadrin/protractor@0fd6532
9 silly cache add args [ 'kayhadrin/protractor@0fd6532', null ]
10 verbose cache add spec kayhadrin/protractor@0fd6532
11 silly cache add parsed spec { raw: 'kayhadrin/protractor@0fd6532',
11 silly cache add   scope: null,
11 silly cache add   name: null,
11 silly cache add   rawSpec: 'kayhadrin/protractor@0fd6532',
11 silly cache add   spec: '/local/content/ctrp/apps/ctrp/kayhadrin/protractor@0fd6532',
11 silly cache add   type: 'local' }
12 error addLocal Could not install /local/content/ctrp/apps/ctrp/kayhadrin/protractor@0fd6532
13 silly fetchPackageMetaData Error: ENOENT, open '/local/content/ctrp/apps/ctrp/kayhadrin/protractor@0fd6532'
13 silly fetchPackageMetaData     at Error (native)
13 silly fetchPackageMetaData  error for kayhadrin/protractor@0fd6532 { [Error: ENOENT, open '/local/content/ctrp/apps/ctrp/kayhadrin/protractor@0fd6532']
13 silly fetchPackageMetaData   errno: -2,
13 silly fetchPackageMetaData   code: 'ENOENT',
13 silly fetchPackageMetaData   path: '/local/content/ctrp/apps/ctrp/kayhadrin/protractor@0fd6532' }
14 silly rollbackFailedOptional Starting
15 silly rollbackFailedOptional Finishing
16 silly runTopLevelLifecycles Starting
17 silly runTopLevelLifecycles Finishing
18 silly install printInstalled
19 verbose stack Error: ENOENT, open '/local/content/ctrp/apps/ctrp/kayhadrin/protractor@0fd6532'
19 verbose stack     at Error (native)
20 verbose cwd /local/content/ctrp/apps/ctrp
21 error Darwin 14.4.0
22 error argv "node" "/Users/ahmeds6/local/node/bin/npm" "install" "-g" "kayhadrin/protractor@0fd6532"
23 error node v0.12.7
24 error npm  v3.5.2
25 error path /local/content/ctrp/apps/ctrp/kayhadrin/protractor@0fd6532
26 error code ENOENT
27 error errno -2
28 error enoent ENOENT, open '/local/content/ctrp/apps/ctrp/kayhadrin/protractor@0fd6532'
29 error enoent ENOENT, open '/local/content/ctrp/apps/ctrp/kayhadrin/protractor@0fd6532'
29 error enoent This is most likely not a problem with npm itself
29 error enoent and is related to npm not being able to find a file.
30 verbose exit [ -2, true ]
